[+] Containers:
 |- [+] Container: /Game/ThirdPerson/Maps/ThirdPersonMap
 |   |- [+] ActorDescs:
 |   |   |- Guid:2FB58999456391D349DC0F86DAC136ED NativeClass:/Script/Engine.SkyLight Name:SkyLight_1 Label:SkyLight SpatiallyLoaded:false EditorBounds:IsValid=true, Min=(X=-1730.000 Y=-2710.000 Z=-1.000), Max=(X=1.000 Y=1.000 Z=690.000) RuntimeBounds:IsValid=true, Min=(X=-1730.000 Y=-2710.000 Z=690.000), Max=(X=-1730.000 Y=-2710.000 Z=690.000) RuntimeGrid:None EditorOnly:false RuntimeOnly:false HLODRelevant:false ListedInSceneOutliner:true IsMainWorldOnly:false FolderPath:Lighting FolderGuid:963EC3EB4002CCE9759E2EBA541A873A
 |   |   |- Guid:316CF2A6494ACA4C0E4180A87D36AB8F NativeClass:/Script/Engine.ExponentialHeightFog Name:ExponentialHeightFog_0 Label:ExponentialHeightFog SpatiallyLoaded:false EditorBounds:IsValid=true, Min=(X=-5600.000 Y=-50.000 Z=-6850.000), Max=(X=-5600.000 Y=-50.000 Z=-6850.000) RuntimeBounds:IsValid=true, Min=(X=-5600.000 Y=-50.000 Z=-6850.000), Max=(X=-5600.000 Y=-50.000 Z=-6850.000) RuntimeGrid:None EditorOnly:false RuntimeOnly:false HLODRelevant:false ListedInSceneOutliner:true IsMainWorldOnly:false FolderPath:Lighting FolderGuid:963EC3EB4002CCE9759E2EBA541A873A
 |   |   |- Guid:35FCCF004E32F5B995CF0494CAC546F8 NativeClass:/Script/Engine.StaticMeshActor Name:StaticMeshActor_UAID_B025AA5E11E8704502_1784773082 Label:Cylinder SpatiallyLoaded:true EditorBounds:IsValid=true, Min=(X=-258.324 Y=-269.805 Z=12.427), Max=(X=260.942 Y=249.462 Z=5085.439) RuntimeBounds:IsValid=true, Min=(X=-258.324 Y=-269.805 Z=12.427), Max=(X=260.942 Y=249.462 Z=5085.439) RuntimeGrid:None EditorOnly:false RuntimeOnly:false HLODRelevant:true ListedInSceneOutliner:true IsMainWorldOnly:false
 |   |   |- Guid:3A00AA1C422CE54C0BDB60BAF471BFBB NativeClass:/Script/Engine.PlayerStart Name:PlayerStart_0 Label:PlayerStart SpatiallyLoaded:false EditorBounds:IsValid=true, Min=(X=860.000 Y=1070.000 Z=0.013), Max=(X=940.000 Y=1150.000 Z=184.013) RuntimeBounds:IsValid=true, Min=(X=860.000 Y=1070.000 Z=0.013), Max=(X=940.000 Y=1150.000 Z=184.013) RuntimeGrid:None EditorOnly:false RuntimeOnly:false HLODRelevant:false ListedInSceneOutliner:true IsMainWorldOnly:false
 |   |   |- Guid:3AA2000843C28E4DEC5AB581F7AFF404 NativeClass:/Script/Engine.StaticMeshActor Name:StaticMeshActor_UAID_B025AA5E11E8704502_1751627073 Label:Cube_002 SpatiallyLoaded:true EditorBounds:IsValid=true, Min=(X=-1280.897 Y=-2217.854 Z=3340.065), Max=(X=-55.930 Y=-540.528 Z=3401.745) RuntimeBounds:IsValid=true, Min=(X=-1280.897 Y=-2217.854 Z=3340.065), Max=(X=-55.930 Y=-540.528 Z=3401.745) RuntimeGrid:None EditorOnly:false RuntimeOnly:false HLODRelevant:true ListedInSceneOutliner:true IsMainWorldOnly:false
 |   |   |- Guid:3E5A23FA419FE949E5AAF9B2A106BF16 NativeClass:/Script/Engine.StaticMeshActor Name:StaticMeshActor_UAID_B025AA5E11E8704502_1759093075 Label:Cube_004 SpatiallyLoaded:true EditorBounds:IsValid=true, Min=(X=-578.000 Y=136.158 Z=1672.967), Max=(X=7.938 Y=810.634 Z=1740.903) RuntimeBounds:IsValid=true, Min=(X=-578.000 Y=136.158 Z=1672.967), Max=(X=7.938 Y=810.634 Z=1740.903) RuntimeGrid:None EditorOnly:false RuntimeOnly:false HLODRelevant:true ListedInSceneOutliner:true IsMainWorldOnly:false
 |   |   |- Guid:4D3BE93F4146AAAC8BBE79999D96D57F NativeClass:/Script/Engine.VolumetricCloud Name:VolumetricCloud_0 Label:VolumetricCloud SpatiallyLoaded:false EditorBounds:IsValid=true, Min=(X=-1858.000 Y=-2838.000 Z=692.000), Max=(X=-1602.000 Y=-2582.000 Z=948.000) RuntimeBounds:IsValid=true, Min=(X=-1730.000 Y=-2710.000 Z=820.000), Max=(X=-1730.000 Y=-2710.000 Z=820.000) RuntimeGrid:None EditorOnly:false RuntimeOnly:false HLODRelevant:false ListedInSceneOutliner:true IsMainWorldOnly:false FolderPath:Lighting FolderGuid:963EC3EB4002CCE9759E2EBA541A873A
 |   |   |- Guid:51348D704375E9730F6DFB9CB42DF472 NativeClass:/Script/Engine.StaticMeshActor Name:StaticMeshActor_UAID_B025AA5E11E8704502_1747608072 Label:Cube_001 SpatiallyLoaded:true EditorBounds:IsValid=true, Min=(X=731.267 Y=-275.343 Z=-22.000), Max=(X=2360.890 Y=347.496 Z=26.845) RuntimeBounds:IsValid=true, Min=(X=731.267 Y=-275.343 Z=-22.000), Max=(X=2360.890 Y=347.496 Z=26.845) RuntimeGrid:None EditorOnly:false RuntimeOnly:false HLODRelevant:true ListedInSceneOutliner:true IsMainWorldOnly:false
 |   |   |- Guid:53CB7899428EF607AE254EB2E04A2C9C NativeClass:/Script/Engine.StaticMeshActor Name:StaticMeshActor_UAID_B025AA5E11E8704502_1769997078 Label:Cube_007 SpatiallyLoaded:true EditorBounds:IsValid=true, Min=(X=-676.843 Y=136.158 Z=1679.940), Max=(X=-206.167 Y=505.047 Z=1740.903) RuntimeBounds:IsValid=true, Min=(X=-676.843 Y=136.158 Z=1679.940), Max=(X=-206.167 Y=505.047 Z=1740.903) RuntimeGrid:None EditorOnly:false RuntimeOnly:false HLODRelevant:true ListedInSceneOutliner:true IsMainWorldOnly:false
 |   |   |- Guid:556A2BD2404A123236770AA25971035C NativeClass:/Script/Engine.StaticMeshActor Name:StaticMeshActor_UAID_B025AA5E11E8704502_1766537077 Label:Cube_006 SpatiallyLoaded:true EditorBounds:IsValid=true, Min=(X=-819.896 Y=-831.130 Z=1706.785), Max=(X=822.269 Y=811.035 Z=3410.847) RuntimeBounds:IsValid=true, Min=(X=-819.896 Y=-831.130 Z=1706.785), Max=(X=822.269 Y=811.035 Z=3410.847) RuntimeGrid:None EditorOnly:false RuntimeOnly:false HLODRelevant:true ListedInSceneOutliner:true IsMainWorldOnly:false
 |   |   |- Guid:5B97F4A64FB21F77EFC44386BF705B4C NativeClass:/Script/Engine.TextRenderActor Name:TextRenderActor_1 Label:TextRenderActor SpatiallyLoaded:true EditorBounds:IsValid=true, Min=(X=-0.100 Y=1100.000 Z=65.013), Max=(X=-0.100 Y=2392.308 Z=215.013) RuntimeBounds:IsValid=true, Min=(X=-0.100 Y=1100.000 Z=65.013), Max=(X=-0.100 Y=2392.308 Z=215.013) RuntimeGrid:None EditorOnly:false RuntimeOnly:false HLODRelevant:false ListedInSceneOutliner:true IsMainWorldOnly:false
 |   |   |- Guid:6B6BED674054A820637EF3988735D949 NativeClass:/Script/Engine.StaticMeshActor Name:StaticMeshActor_UAID_B025AA5E11E8704502_1781524081 Label:Cube_010 SpatiallyLoaded:true EditorBounds:IsValid=true, Min=(X=-814.468 Y=-826.102 Z=3379.745), Max=(X=827.696 Y=816.063 Z=5083.807) RuntimeBounds:IsValid=true, Min=(X=-814.468 Y=-826.102 Z=3379.745), Max=(X=827.696 Y=816.063 Z=5083.807) RuntimeGrid:None EditorOnly:false RuntimeOnly:false HLODRelevant:true ListedInSceneOutliner:true IsMainWorldOnly:false
 |   |   |- Guid:6BAF4DDD444C60371492D3919DB42C97 NativeClass:/Script/Engine.WorldDataLayers Name:WorldDataLayers Label:WorldDataLayers SpatiallyLoaded:false EditorBounds:IsValid=true, Min=(X=0.000 Y=0.000 Z=0.000), Max=(X=0.000 Y=0.000 Z=0.000) RuntimeBounds:IsValid=true, Min=(X=0.000 Y=0.000 Z=0.000), Max=(X=0.000 Y=0.000 Z=0.000) RuntimeGrid:None EditorOnly:false RuntimeOnly:false HLODRelevant:false ListedInSceneOutliner:true IsMainWorldOnly:true
 |   |   |- Guid:728FE4C2439EFCD6402ABBABAB69E147 NativeClass:/Script/Engine.StaticMeshActor Name:StaticMeshActor_UAID_B025AA5E11E8704502_1774719079 Label:Cube_008 SpatiallyLoaded:true EditorBounds:IsValid=true, Min=(X=-548.164 Y=-824.050 Z=3340.065), Max=(X=-16.327 Y=-137.896 Z=3413.863) RuntimeBounds:IsValid=true, Min=(X=-548.164 Y=-824.050 Z=3340.065), Max=(X=-16.327 Y=-137.896 Z=3413.863) RuntimeGrid:None EditorOnly:false RuntimeOnly:false HLODRelevant:true ListedInSceneOutliner:true IsMainWorldOnly:false
 |   |   |- Guid:844BE1D7409E0B8E0EA028B2400C1CE3 NativeClass:/Script/Engine.StaticMeshActor Name:StaticMeshActor_UAID_B025AA5E11E8704502_1778058080 Label:Cube_009 SpatiallyLoaded:true EditorBounds:IsValid=true, Min=(X=-695.109 Y=-540.528 Z=3340.065), Max=(X=-219.839 Y=-137.896 Z=3410.847) RuntimeBounds:IsValid=true, Min=(X=-695.109 Y=-540.528 Z=3340.065), Max=(X=-219.839 Y=-137.896 Z=3410.847) RuntimeGrid:None EditorOnly:false RuntimeOnly:false HLODRelevant:true ListedInSceneOutliner:true IsMainWorldOnly:false
 |   |   |- Guid:B785ED2844B84CFB91E7F39FE661CD99 NativeClass:/Script/Engine.DirectionalLight Name:DirectionalLight_0 Label:DirectionalLight SpatiallyLoaded:false EditorBounds:IsValid=false, Min=(X=0.000 Y=0.000 Z=0.000), Max=(X=0.000 Y=0.000 Z=0.000) RuntimeBounds:IsValid=false, Min=(X=0.000 Y=0.000 Z=0.000), Max=(X=0.000 Y=0.000 Z=0.000) RuntimeGrid:None EditorOnly:false RuntimeOnly:false HLODRelevant:false ListedInSceneOutliner:true IsMainWorldOnly:false FolderPath:Lighting FolderGuid:963EC3EB4002CCE9759E2EBA541A873A
 |   |   |- Guid:CCFF262C46EEFFDF319E7F9539CE697E NativeClass:/Script/Engine.SkyAtmosphere Name:SkyAtmosphere_0 Label:SkyAtmosphere SpatiallyLoaded:false EditorBounds:IsValid=true, Min=(X=-1858.000 Y=-2838.000 Z=892.000), Max=(X=-1490.000 Y=-2582.000 Z=1148.000) RuntimeBounds:IsValid=true, Min=(X=-1730.000 Y=-2710.000 Z=1020.000), Max=(X=-1730.000 Y=-2710.000 Z=1020.000) RuntimeGrid:None EditorOnly:false RuntimeOnly:false HLODRelevant:false ListedInSceneOutliner:true IsMainWorldOnly:false FolderPath:Lighting FolderGuid:963EC3EB4002CCE9759E2EBA541A873A
 |   |   |- Guid:D7A9571D46819214C53E429E155F3EBC NativeClass:/Script/Engine.StaticMeshActor Name:StaticMeshActor_UAID_B025AA5E11E8704502_1755442074 Label:Cube_003 SpatiallyLoaded:true EditorBounds:IsValid=true, Min=(X=-1372.799 Y=505.047 Z=1672.962), Max=(X=-16.928 Y=2151.963 Z=1723.940) RuntimeBounds:IsValid=true, Min=(X=-1372.799 Y=505.047 Z=1672.962), Max=(X=-16.928 Y=2151.963 Z=1723.940) RuntimeGrid:None EditorOnly:false RuntimeOnly:false HLODRelevant:true ListedInSceneOutliner:true IsMainWorldOnly:false
 |   |   |- Guid:DCFDA01E418053B1662CC3916EBDADBF NativeClass:/Script/Engine.StaticMeshActor Name:StaticMeshActor_UAID_B025AA5E11E8704502_1762653076 Label:Cube_005 SpatiallyLoaded:true EditorBounds:IsValid=true, Min=(X=-812.937 Y=-828.938 Z=4.845), Max=(X=829.228 Y=813.227 Z=1708.907) RuntimeBounds:IsValid=true, Min=(X=-812.937 Y=-828.938 Z=4.845), Max=(X=829.228 Y=813.227 Z=1708.907) RuntimeGrid:None EditorOnly:false RuntimeOnly:false HLODRelevant:true ListedInSceneOutliner:true IsMainWorldOnly:false
 |   |   |- Guid:EC4E0C944CE6AC6E784BC6BB2916EA13 NativeClass:/Script/Engine.StaticMeshActor Name:StaticMeshActor_UAID_A4AE111137DC5EFB00_1110535423 Label:SM_SkySphere SpatiallyLoaded:false EditorBounds:IsValid=true, Min=(X=-1638400.000 Y=-1638400.000 Z=-1638400.000), Max=(X=1638400.000 Y=1638400.000 Z=1638400.000) RuntimeBounds:IsValid=true, Min=(X=-1638400.000 Y=-1638400.000 Z=-1638400.000), Max=(X=1638400.000 Y=1638400.000 Z=1638400.000) RuntimeGrid:None EditorOnly:false RuntimeOnly:false HLODRelevant:true ListedInSceneOutliner:true IsMainWorldOnly:false FolderPath:Lighting FolderGuid:963EC3EB4002CCE9759E2EBA541A873A
 |   |   |- Guid:F1924B8D48954B30891B2DB6A694F9CC NativeClass:/Script/Engine.StaticMeshActor Name:StaticMeshActor_1 Label:SM_Cube SpatiallyLoaded:true EditorBounds:IsValid=true, Min=(X=-1230.000 Y=-1820.000 Z=-75.000), Max=(X=1770.000 Y=1680.000 Z=-25.000) RuntimeBounds:IsValid=true, Min=(X=-1230.000 Y=-1820.000 Z=-75.000), Max=(X=1770.000 Y=1680.000 Z=-25.000) RuntimeGrid:None EditorOnly:false RuntimeOnly:false HLODRelevant:true ListedInSceneOutliner:true IsMainWorldOnly:false FolderPath:Playground FolderGuid:C73F09FC4215536B1DCE2A9E0A830C70
 |   |   |- Guid:F5C8A2B747A61DAB22BC409E7C909627 NativeClass:/Script/Engine.StaticMeshActor Name:StaticMeshActor_UAID_B025AA5E11E8704502_1736864071 Label:Cube SpatiallyLoaded:true EditorBounds:IsValid=true, Min=(X=227.847 Y=-392.549 Z=0.266), Max=(X=748.719 Y=347.496 Z=38.963) RuntimeBounds:IsValid=true, Min=(X=227.847 Y=-392.549 Z=0.266), Max=(X=748.719 Y=347.496 Z=38.963) RuntimeGrid:None EditorOnly:false RuntimeOnly:false HLODRelevant:true ListedInSceneOutliner:true IsMainWorldOnly:false
 |   |   |- Guid:F5E3FEB3450C49844FD93DA8E083C8AD NativeClass:/Script/Engine.PostProcessVolume Name:PostProcessVolume_0 Label:PostProcessVolume SpatiallyLoaded:false EditorBounds:IsValid=true, Min=(X=-1730.000 Y=-2710.000 Z=400.000), Max=(X=-1530.000 Y=-2510.000 Z=600.000) RuntimeBounds:IsValid=true, Min=(X=-1730.000 Y=-2710.000 Z=400.000), Max=(X=-1530.000 Y=-2510.000 Z=600.000) RuntimeGrid:None EditorOnly:false RuntimeOnly:false HLODRelevant:false ListedInSceneOutliner:true IsMainWorldOnly:false FolderPath:Lighting FolderGuid:963EC3EB4002CCE9759E2EBA541A873A
 |   |- [+] Clusters:
 |   |   |- [+] [  0]
 |   |   |   |- Guid:2FB58999456391D349DC0F86DAC136ED NativeClass:/Script/Engine.SkyLight Name:SkyLight_1 Label:SkyLight SpatiallyLoaded:false EditorBounds:IsValid=true, Min=(X=-1730.000 Y=-2710.000 Z=-1.000), Max=(X=1.000 Y=1.000 Z=690.000) RuntimeBounds:IsValid=true, Min=(X=-1730.000 Y=-2710.000 Z=690.000), Max=(X=-1730.000 Y=-2710.000 Z=690.000) RuntimeGrid:None EditorOnly:false RuntimeOnly:false HLODRelevant:false ListedInSceneOutliner:true IsMainWorldOnly:false FolderPath:Lighting FolderGuid:963EC3EB4002CCE9759E2EBA541A873A
 |   |   |- [+] [  1]
 |   |   |   |- Guid:316CF2A6494ACA4C0E4180A87D36AB8F NativeClass:/Script/Engine.ExponentialHeightFog Name:ExponentialHeightFog_0 Label:ExponentialHeightFog SpatiallyLoaded:false EditorBounds:IsValid=true, Min=(X=-5600.000 Y=-50.000 Z=-6850.000), Max=(X=-5600.000 Y=-50.000 Z=-6850.000) RuntimeBounds:IsValid=true, Min=(X=-5600.000 Y=-50.000 Z=-6850.000), Max=(X=-5600.000 Y=-50.000 Z=-6850.000) RuntimeGrid:None EditorOnly:false RuntimeOnly:false HLODRelevant:false ListedInSceneOutliner:true IsMainWorldOnly:false FolderPath:Lighting FolderGuid:963EC3EB4002CCE9759E2EBA541A873A
 |   |   |- [+] [  2]
 |   |   |   |- Guid:35FCCF004E32F5B995CF0494CAC546F8 NativeClass:/Script/Engine.StaticMeshActor Name:StaticMeshActor_UAID_B025AA5E11E8704502_1784773082 Label:Cylinder SpatiallyLoaded:true EditorBounds:IsValid=true, Min=(X=-258.324 Y=-269.805 Z=12.427), Max=(X=260.942 Y=249.462 Z=5085.439) RuntimeBounds:IsValid=true, Min=(X=-258.324 Y=-269.805 Z=12.427), Max=(X=260.942 Y=249.462 Z=5085.439) RuntimeGrid:None EditorOnly:false RuntimeOnly:false HLODRelevant:true ListedInSceneOutliner:true IsMainWorldOnly:false
 |   |   |- [+] [  3]
 |   |   |   |- Guid:3A00AA1C422CE54C0BDB60BAF471BFBB NativeClass:/Script/Engine.PlayerStart Name:PlayerStart_0 Label:PlayerStart SpatiallyLoaded:false EditorBounds:IsValid=true, Min=(X=860.000 Y=1070.000 Z=0.013), Max=(X=940.000 Y=1150.000 Z=184.013) RuntimeBounds:IsValid=true, Min=(X=860.000 Y=1070.000 Z=0.013), Max=(X=940.000 Y=1150.000 Z=184.013) RuntimeGrid:None EditorOnly:false RuntimeOnly:false HLODRelevant:false ListedInSceneOutliner:true IsMainWorldOnly:false
 |   |   |- [+] [  4]
 |   |   |   |- Guid:3AA2000843C28E4DEC5AB581F7AFF404 NativeClass:/Script/Engine.StaticMeshActor Name:StaticMeshActor_UAID_B025AA5E11E8704502_1751627073 Label:Cube_002 SpatiallyLoaded:true EditorBounds:IsValid=true, Min=(X=-1280.897 Y=-2217.854 Z=3340.065), Max=(X=-55.930 Y=-540.528 Z=3401.745) RuntimeBounds:IsValid=true, Min=(X=-1280.897 Y=-2217.854 Z=3340.065), Max=(X=-55.930 Y=-540.528 Z=3401.745) RuntimeGrid:None EditorOnly:false RuntimeOnly:false HLODRelevant:true ListedInSceneOutliner:true IsMainWorldOnly:false
 |   |   |- [+] [  5]
 |   |   |   |- Guid:3E5A23FA419FE949E5AAF9B2A106BF16 NativeClass:/Script/Engine.StaticMeshActor Name:StaticMeshActor_UAID_B025AA5E11E8704502_1759093075 Label:Cube_004 SpatiallyLoaded:true EditorBounds:IsValid=true, Min=(X=-578.000 Y=136.158 Z=1672.967), Max=(X=7.938 Y=810.634 Z=1740.903) RuntimeBounds:IsValid=true, Min=(X=-578.000 Y=136.158 Z=1672.967), Max=(X=7.938 Y=810.634 Z=1740.903) RuntimeGrid:None EditorOnly:false RuntimeOnly:false HLODRelevant:true ListedInSceneOutliner:true IsMainWorldOnly:false
 |   |   |- [+] [  6]
 |   |   |   |- Guid:4D3BE93F4146AAAC8BBE79999D96D57F NativeClass:/Script/Engine.VolumetricCloud Name:VolumetricCloud_0 Label:VolumetricCloud SpatiallyLoaded:false EditorBounds:IsValid=true, Min=(X=-1858.000 Y=-2838.000 Z=692.000), Max=(X=-1602.000 Y=-2582.000 Z=948.000) RuntimeBounds:IsValid=true, Min=(X=-1730.000 Y=-2710.000 Z=820.000), Max=(X=-1730.000 Y=-2710.000 Z=820.000) RuntimeGrid:None EditorOnly:false RuntimeOnly:false HLODRelevant:false ListedInSceneOutliner:true IsMainWorldOnly:false FolderPath:Lighting FolderGuid:963EC3EB4002CCE9759E2EBA541A873A
 |   |   |- [+] [  7]
 |   |   |   |- Guid:51348D704375E9730F6DFB9CB42DF472 NativeClass:/Script/Engine.StaticMeshActor Name:StaticMeshActor_UAID_B025AA5E11E8704502_1747608072 Label:Cube_001 SpatiallyLoaded:true EditorBounds:IsValid=true, Min=(X=731.267 Y=-275.343 Z=-22.000), Max=(X=2360.890 Y=347.496 Z=26.845) RuntimeBounds:IsValid=true, Min=(X=731.267 Y=-275.343 Z=-22.000), Max=(X=2360.890 Y=347.496 Z=26.845) RuntimeGrid:None EditorOnly:false RuntimeOnly:false HLODRelevant:true ListedInSceneOutliner:true IsMainWorldOnly:false
 |   |   |- [+] [  8]
 |   |   |   |- Guid:53CB7899428EF607AE254EB2E04A2C9C NativeClass:/Script/Engine.StaticMeshActor Name:StaticMeshActor_UAID_B025AA5E11E8704502_1769997078 Label:Cube_007 SpatiallyLoaded:true EditorBounds:IsValid=true, Min=(X=-676.843 Y=136.158 Z=1679.940), Max=(X=-206.167 Y=505.047 Z=1740.903) RuntimeBounds:IsValid=true, Min=(X=-676.843 Y=136.158 Z=1679.940), Max=(X=-206.167 Y=505.047 Z=1740.903) RuntimeGrid:None EditorOnly:false RuntimeOnly:false HLODRelevant:true ListedInSceneOutliner:true IsMainWorldOnly:false
 |   |   |- [+] [  9]
 |   |   |   |- Guid:556A2BD2404A123236770AA25971035C NativeClass:/Script/Engine.StaticMeshActor Name:StaticMeshActor_UAID_B025AA5E11E8704502_1766537077 Label:Cube_006 SpatiallyLoaded:true EditorBounds:IsValid=true, Min=(X=-819.896 Y=-831.130 Z=1706.785), Max=(X=822.269 Y=811.035 Z=3410.847) RuntimeBounds:IsValid=true, Min=(X=-819.896 Y=-831.130 Z=1706.785), Max=(X=822.269 Y=811.035 Z=3410.847) RuntimeGrid:None EditorOnly:false RuntimeOnly:false HLODRelevant:true ListedInSceneOutliner:true IsMainWorldOnly:false
 |   |   |- [+] [ 10]
 |   |   |   |- Guid:5B97F4A64FB21F77EFC44386BF705B4C NativeClass:/Script/Engine.TextRenderActor Name:TextRenderActor_1 Label:TextRenderActor SpatiallyLoaded:true EditorBounds:IsValid=true, Min=(X=-0.100 Y=1100.000 Z=65.013), Max=(X=-0.100 Y=2392.308 Z=215.013) RuntimeBounds:IsValid=true, Min=(X=-0.100 Y=1100.000 Z=65.013), Max=(X=-0.100 Y=2392.308 Z=215.013) RuntimeGrid:None EditorOnly:false RuntimeOnly:false HLODRelevant:false ListedInSceneOutliner:true IsMainWorldOnly:false
 |   |   |- [+] [ 11]
 |   |   |   |- Guid:6B6BED674054A820637EF3988735D949 NativeClass:/Script/Engine.StaticMeshActor Name:StaticMeshActor_UAID_B025AA5E11E8704502_1781524081 Label:Cube_010 SpatiallyLoaded:true EditorBounds:IsValid=true, Min=(X=-814.468 Y=-826.102 Z=3379.745), Max=(X=827.696 Y=816.063 Z=5083.807) RuntimeBounds:IsValid=true, Min=(X=-814.468 Y=-826.102 Z=3379.745), Max=(X=827.696 Y=816.063 Z=5083.807) RuntimeGrid:None EditorOnly:false RuntimeOnly:false HLODRelevant:true ListedInSceneOutliner:true IsMainWorldOnly:false
 |   |   |- [+] [ 12]
 |   |   |   |- Guid:6BAF4DDD444C60371492D3919DB42C97 NativeClass:/Script/Engine.WorldDataLayers Name:WorldDataLayers Label:WorldDataLayers SpatiallyLoaded:false EditorBounds:IsValid=true, Min=(X=0.000 Y=0.000 Z=0.000), Max=(X=0.000 Y=0.000 Z=0.000) RuntimeBounds:IsValid=true, Min=(X=0.000 Y=0.000 Z=0.000), Max=(X=0.000 Y=0.000 Z=0.000) RuntimeGrid:None EditorOnly:false RuntimeOnly:false HLODRelevant:false ListedInSceneOutliner:true IsMainWorldOnly:true
 |   |   |- [+] [ 13]
 |   |   |   |- Guid:728FE4C2439EFCD6402ABBABAB69E147 NativeClass:/Script/Engine.StaticMeshActor Name:StaticMeshActor_UAID_B025AA5E11E8704502_1774719079 Label:Cube_008 SpatiallyLoaded:true EditorBounds:IsValid=true, Min=(X=-548.164 Y=-824.050 Z=3340.065), Max=(X=-16.327 Y=-137.896 Z=3413.863) RuntimeBounds:IsValid=true, Min=(X=-548.164 Y=-824.050 Z=3340.065), Max=(X=-16.327 Y=-137.896 Z=3413.863) RuntimeGrid:None EditorOnly:false RuntimeOnly:false HLODRelevant:true ListedInSceneOutliner:true IsMainWorldOnly:false
 |   |   |- [+] [ 14]
 |   |   |   |- Guid:844BE1D7409E0B8E0EA028B2400C1CE3 NativeClass:/Script/Engine.StaticMeshActor Name:StaticMeshActor_UAID_B025AA5E11E8704502_1778058080 Label:Cube_009 SpatiallyLoaded:true EditorBounds:IsValid=true, Min=(X=-695.109 Y=-540.528 Z=3340.065), Max=(X=-219.839 Y=-137.896 Z=3410.847) RuntimeBounds:IsValid=true, Min=(X=-695.109 Y=-540.528 Z=3340.065), Max=(X=-219.839 Y=-137.896 Z=3410.847) RuntimeGrid:None EditorOnly:false RuntimeOnly:false HLODRelevant:true ListedInSceneOutliner:true IsMainWorldOnly:false
 |   |   |- [+] [ 15]
 |   |   |   |- Guid:B785ED2844B84CFB91E7F39FE661CD99 NativeClass:/Script/Engine.DirectionalLight Name:DirectionalLight_0 Label:DirectionalLight SpatiallyLoaded:false EditorBounds:IsValid=false, Min=(X=0.000 Y=0.000 Z=0.000), Max=(X=0.000 Y=0.000 Z=0.000) RuntimeBounds:IsValid=false, Min=(X=0.000 Y=0.000 Z=0.000), Max=(X=0.000 Y=0.000 Z=0.000) RuntimeGrid:None EditorOnly:false RuntimeOnly:false HLODRelevant:false ListedInSceneOutliner:true IsMainWorldOnly:false FolderPath:Lighting FolderGuid:963EC3EB4002CCE9759E2EBA541A873A
 |   |   |- [+] [ 16]
 |   |   |   |- Guid:CCFF262C46EEFFDF319E7F9539CE697E NativeClass:/Script/Engine.SkyAtmosphere Name:SkyAtmosphere_0 Label:SkyAtmosphere SpatiallyLoaded:false EditorBounds:IsValid=true, Min=(X=-1858.000 Y=-2838.000 Z=892.000), Max=(X=-1490.000 Y=-2582.000 Z=1148.000) RuntimeBounds:IsValid=true, Min=(X=-1730.000 Y=-2710.000 Z=1020.000), Max=(X=-1730.000 Y=-2710.000 Z=1020.000) RuntimeGrid:None EditorOnly:false RuntimeOnly:false HLODRelevant:false ListedInSceneOutliner:true IsMainWorldOnly:false FolderPath:Lighting FolderGuid:963EC3EB4002CCE9759E2EBA541A873A
 |   |   |- [+] [ 17]
 |   |   |   |- Guid:D7A9571D46819214C53E429E155F3EBC NativeClass:/Script/Engine.StaticMeshActor Name:StaticMeshActor_UAID_B025AA5E11E8704502_1755442074 Label:Cube_003 SpatiallyLoaded:true EditorBounds:IsValid=true, Min=(X=-1372.799 Y=505.047 Z=1672.962), Max=(X=-16.928 Y=2151.963 Z=1723.940) RuntimeBounds:IsValid=true, Min=(X=-1372.799 Y=505.047 Z=1672.962), Max=(X=-16.928 Y=2151.963 Z=1723.940) RuntimeGrid:None EditorOnly:false RuntimeOnly:false HLODRelevant:true ListedInSceneOutliner:true IsMainWorldOnly:false
 |   |   |- [+] [ 18]
 |   |   |   |- Guid:DCFDA01E418053B1662CC3916EBDADBF NativeClass:/Script/Engine.StaticMeshActor Name:StaticMeshActor_UAID_B025AA5E11E8704502_1762653076 Label:Cube_005 SpatiallyLoaded:true EditorBounds:IsValid=true, Min=(X=-812.937 Y=-828.938 Z=4.845), Max=(X=829.228 Y=813.227 Z=1708.907) RuntimeBounds:IsValid=true, Min=(X=-812.937 Y=-828.938 Z=4.845), Max=(X=829.228 Y=813.227 Z=1708.907) RuntimeGrid:None EditorOnly:false RuntimeOnly:false HLODRelevant:true ListedInSceneOutliner:true IsMainWorldOnly:false
 |   |   |- [+] [ 19]
 |   |   |   |- Guid:EC4E0C944CE6AC6E784BC6BB2916EA13 NativeClass:/Script/Engine.StaticMeshActor Name:StaticMeshActor_UAID_A4AE111137DC5EFB00_1110535423 Label:SM_SkySphere SpatiallyLoaded:false EditorBounds:IsValid=true, Min=(X=-1638400.000 Y=-1638400.000 Z=-1638400.000), Max=(X=1638400.000 Y=1638400.000 Z=1638400.000) RuntimeBounds:IsValid=true, Min=(X=-1638400.000 Y=-1638400.000 Z=-1638400.000), Max=(X=1638400.000 Y=1638400.000 Z=1638400.000) RuntimeGrid:None EditorOnly:false RuntimeOnly:false HLODRelevant:true ListedInSceneOutliner:true IsMainWorldOnly:false FolderPath:Lighting FolderGuid:963EC3EB4002CCE9759E2EBA541A873A
 |   |   |- [+] [ 20]
 |   |   |   |- Guid:F1924B8D48954B30891B2DB6A694F9CC NativeClass:/Script/Engine.StaticMeshActor Name:StaticMeshActor_1 Label:SM_Cube SpatiallyLoaded:true EditorBounds:IsValid=true, Min=(X=-1230.000 Y=-1820.000 Z=-75.000), Max=(X=1770.000 Y=1680.000 Z=-25.000) RuntimeBounds:IsValid=true, Min=(X=-1230.000 Y=-1820.000 Z=-75.000), Max=(X=1770.000 Y=1680.000 Z=-25.000) RuntimeGrid:None EditorOnly:false RuntimeOnly:false HLODRelevant:true ListedInSceneOutliner:true IsMainWorldOnly:false FolderPath:Playground FolderGuid:C73F09FC4215536B1DCE2A9E0A830C70
 |   |   |- [+] [ 21]
 |   |   |   |- Guid:F5C8A2B747A61DAB22BC409E7C909627 NativeClass:/Script/Engine.StaticMeshActor Name:StaticMeshActor_UAID_B025AA5E11E8704502_1736864071 Label:Cube SpatiallyLoaded:true EditorBounds:IsValid=true, Min=(X=227.847 Y=-392.549 Z=0.266), Max=(X=748.719 Y=347.496 Z=38.963) RuntimeBounds:IsValid=true, Min=(X=227.847 Y=-392.549 Z=0.266), Max=(X=748.719 Y=347.496 Z=38.963) RuntimeGrid:None EditorOnly:false RuntimeOnly:false HLODRelevant:true ListedInSceneOutliner:true IsMainWorldOnly:false
 |   |   |- [+] [ 22]
 |   |   |   |- Guid:F5E3FEB3450C49844FD93DA8E083C8AD NativeClass:/Script/Engine.PostProcessVolume Name:PostProcessVolume_0 Label:PostProcessVolume SpatiallyLoaded:false EditorBounds:IsValid=true, Min=(X=-1730.000 Y=-2710.000 Z=400.000), Max=(X=-1530.000 Y=-2510.000 Z=600.000) RuntimeBounds:IsValid=true, Min=(X=-1730.000 Y=-2710.000 Z=400.000), Max=(X=-1530.000 Y=-2510.000 Z=600.000) RuntimeGrid:None EditorOnly:false RuntimeOnly:false HLODRelevant:false ListedInSceneOutliner:true IsMainWorldOnly:false FolderPath:Lighting FolderGuid:963EC3EB4002CCE9759E2EBA541A873A
 |- ContainerInstances:
 |- [+] MainContainer:
 |   |-        ID: 00000000000000000000000000000000
 |   |-  ParentID: 00000000000000000000000000000000
 |   |-    Bounds: IsValid=false, Min=(X=0.000 Y=0.000 Z=0.000), Max=(X=0.000 Y=0.000 Z=0.000)
 |   |- Transform: 0.000000,0.000000,0.000000|0.000000,0.000000,-0.000000|1.000000,1.000000,1.000000
 |   |- Container: /Game/ThirdPerson/Maps/ThirdPersonMap
----------------------------------------------------------------------------------------------------------------
ThirdPersonMap - Persistent Level
----------------------------------------------------------------------------------------------------------------
[+] Content of ThirdPersonMap Persistent Level
 |- Always loaded Actor Count: 23 
 |- Actor Path: /Game/ThirdPerson/Maps/ThirdPersonMap.ThirdPersonMap:PersistentLevel.DirectionalLight_0
 |- Actor Package: /Game/__ExternalActors__/ThirdPerson/Maps/ThirdPersonMap/5/R1/TS5OQ5CRUWFZYL1ZQ7I416
 |- Actor Path: /Game/ThirdPerson/Maps/ThirdPersonMap.ThirdPersonMap:PersistentLevel.ExponentialHeightFog_0
 |- Actor Package: /Game/__ExternalActors__/ThirdPerson/Maps/ThirdPersonMap/6/J7/N10XDC9G27EMLS5AGZ6AVV
 |- Actor Path: /Game/ThirdPerson/Maps/ThirdPersonMap.ThirdPersonMap:PersistentLevel.PlayerStart_0
 |- Actor Package: /Game/__ExternalActors__/ThirdPerson/Maps/ThirdPersonMap/D/DE/SWSI13675DVYIZ0N4NF7Y3
 |- Actor Path: /Game/ThirdPerson/Maps/ThirdPersonMap.ThirdPersonMap:PersistentLevel.PostProcessVolume_0
 |- Actor Package: /Game/__ExternalActors__/ThirdPerson/Maps/ThirdPersonMap/1/AZ/A7GPT109Y6ZTTJD4A7TXER
 |- Actor Path: /Game/ThirdPerson/Maps/ThirdPersonMap.ThirdPersonMap:PersistentLevel.SkyAtmosphere_0
 |- Actor Package: /Game/__ExternalActors__/ThirdPerson/Maps/ThirdPersonMap/4/LN/30UBDLYFFA5ZR7U4W4L4GG
 |- Actor Path: /Game/ThirdPerson/Maps/ThirdPersonMap.ThirdPersonMap:PersistentLevel.SkyLight_1
 |- Actor Package: /Game/__ExternalActors__/ThirdPerson/Maps/ThirdPersonMap/8/S1/DXUWD12MD3HRWVVXX076BY
 |- Actor Path: /Game/ThirdPerson/Maps/ThirdPersonMap.ThirdPersonMap:PersistentLevel.StaticMeshActor_1
 |- Actor Package: /Game/__ExternalActors__/ThirdPerson/Maps/ThirdPersonMap/6/YO/NG2R9BPZVA7ZDN0Z4VSTG6
 |- Actor Path: /Game/ThirdPerson/Maps/ThirdPersonMap.ThirdPersonMap:PersistentLevel.StaticMeshActor_UAID_A4AE111137DC5EFB00_1110535423
 |- Actor Package: /Game/__ExternalActors__/ThirdPerson/Maps/ThirdPersonMap/4/PN/2QISIGK5DJNQ05US8O8FXW
 |- Actor Path: /Game/ThirdPerson/Maps/ThirdPersonMap.ThirdPersonMap:PersistentLevel.StaticMeshActor_UAID_B025AA5E11E8704502_1736864071
 |- Actor Package: /Game/__ExternalActors__/ThirdPerson/Maps/ThirdPersonMap/8/BW/QX6U9OX3J15GV4RGO3EGA5
 |- Actor Path: /Game/ThirdPerson/Maps/ThirdPersonMap.ThirdPersonMap:PersistentLevel.StaticMeshActor_UAID_B025AA5E11E8704502_1747608072
 |- Actor Package: /Game/__ExternalActors__/ThirdPerson/Maps/ThirdPersonMap/6/0A/BT6AOPPV9OVPBNWUSUG5S8
 |- Actor Path: /Game/ThirdPerson/Maps/ThirdPersonMap.ThirdPersonMap:PersistentLevel.StaticMeshActor_UAID_B025AA5E11E8704502_1751627073
 |- Actor Package: /Game/__ExternalActors__/ThirdPerson/Maps/ThirdPersonMap/D/DH/WQ5I7W8AA4XEKV7XVQY2YN
 |- Actor Path: /Game/ThirdPerson/Maps/ThirdPersonMap.ThirdPersonMap:PersistentLevel.StaticMeshActor_UAID_B025AA5E11E8704502_1755442074
 |- Actor Package: /Game/__ExternalActors__/ThirdPerson/Maps/ThirdPersonMap/9/2T/IVX23X9QEMRYUNJK7BRRCQ
 |- Actor Path: /Game/ThirdPerson/Maps/ThirdPersonMap.ThirdPersonMap:PersistentLevel.StaticMeshActor_UAID_B025AA5E11E8704502_1759093075
 |- Actor Package: /Game/__ExternalActors__/ThirdPerson/Maps/ThirdPersonMap/D/WG/XXPGCP6XCM5H28M4ZYD6E2
 |- Actor Path: /Game/ThirdPerson/Maps/ThirdPersonMap.ThirdPersonMap:PersistentLevel.StaticMeshActor_UAID_B025AA5E11E8704502_1762653076
 |- Actor Package: /Game/__ExternalActors__/ThirdPerson/Maps/ThirdPersonMap/E/EJ/T73002G365W9SDBXUYILMV
 |- Actor Path: /Game/ThirdPerson/Maps/ThirdPersonMap.ThirdPersonMap:PersistentLevel.StaticMeshActor_UAID_B025AA5E11E8704502_1766537077
 |- Actor Package: /Game/__ExternalActors__/ThirdPerson/Maps/ThirdPersonMap/B/VG/Y1UQLRHKBENZPQ03MOTN7B
 |- Actor Path: /Game/ThirdPerson/Maps/ThirdPersonMap.ThirdPersonMap:PersistentLevel.StaticMeshActor_UAID_B025AA5E11E8704502_1769997078
 |- Actor Package: /Game/__ExternalActors__/ThirdPerson/Maps/ThirdPersonMap/C/1B/AIGN8YVSBPUMTBHWOBQSFV
 |- Actor Path: /Game/ThirdPerson/Maps/ThirdPersonMap.ThirdPersonMap:PersistentLevel.StaticMeshActor_UAID_B025AA5E11E8704502_1774719079
 |- Actor Package: /Game/__ExternalActors__/ThirdPerson/Maps/ThirdPersonMap/3/2Q/Q7162S56DMG5DAPYV448JD
 |- Actor Path: /Game/ThirdPerson/Maps/ThirdPersonMap.ThirdPersonMap:PersistentLevel.StaticMeshActor_UAID_B025AA5E11E8704502_1778058080
 |- Actor Package: /Game/__ExternalActors__/ThirdPerson/Maps/ThirdPersonMap/6/K2/X6ALP6ES6BIIX01BWANXKG
 |- Actor Path: /Game/ThirdPerson/Maps/ThirdPersonMap.ThirdPersonMap:PersistentLevel.StaticMeshActor_UAID_B025AA5E11E8704502_1781524081
 |- Actor Package: /Game/__ExternalActors__/ThirdPerson/Maps/ThirdPersonMap/C/MF/UIOSW1A53I5RZVFQWN466Q
 |- Actor Path: /Game/ThirdPerson/Maps/ThirdPersonMap.ThirdPersonMap:PersistentLevel.StaticMeshActor_UAID_B025AA5E11E8704502_1784773082
 |- Actor Package: /Game/__ExternalActors__/ThirdPerson/Maps/ThirdPersonMap/4/0B/GYWRUGGVR7LFFDGOA17MPL
 |- Actor Path: /Game/ThirdPerson/Maps/ThirdPersonMap.ThirdPersonMap:PersistentLevel.TextRenderActor_1
 |- Actor Package: /Game/__ExternalActors__/ThirdPerson/Maps/ThirdPersonMap/1/WU/NB37RT5Q32Z8MJWD8BD2SO
 |- Actor Path: /Game/ThirdPerson/Maps/ThirdPersonMap.ThirdPersonMap:PersistentLevel.VolumetricCloud_0
 |- Actor Package: /Game/__ExternalActors__/ThirdPerson/Maps/ThirdPersonMap/3/EY/87SHEJN5UBEAN2K5OV1G6R
 |- Actor Path: /Game/ThirdPerson/Maps/ThirdPersonMap.ThirdPersonMap:PersistentLevel.WorldDataLayers
 |- Actor Package: /Game/__ExternalActors__/ThirdPerson/Maps/ThirdPersonMap/0/43/HYQWORMY4JDQ5X3OKZXFLC

----------------------------------------------------------------------------------------------------------------
ThirdPersonMap - Runtime Hash Set
----------------------------------------------------------------------------------------------------------------

