[+] Containers:
 |- [+] Container: /Game/ThirdPerson/Maps/ThirdPersonMap
 |   |- [+] ActorDescs:
 |   |   |- Guid:0A0140A445B435135FF0129B52754939 NativeClass:/Script/Engine.StaticMeshActor Name:StaticMeshActor_UAID_B025AA5E11E8724502_2126725461 Label:SM_CoilL1 SpatiallyLoaded:true EditorBounds:IsValid=true, Min=(X=-812.937 Y=-828.938 Z=4.845), Max=(X=829.228 Y=813.227 Z=1708.907) RuntimeBounds:IsValid=true, Min=(X=-812.937 Y=-828.938 Z=4.845), Max=(X=829.228 Y=813.227 Z=1708.907) RuntimeGrid:None EditorOnly:false RuntimeOnly:false HLODRelevant:true ListedInSceneOutliner:true IsMainWorldOnly:false
 |   |   |- Guid:127ED00842D71DE5C3D413A1280EA4A7 NativeClass:/Script/Engine.StaticMeshActor Name:StaticMeshActor_UAID_B025AA5E11E8734502_1077847644 Label:SM_PlatePlugL2 SpatiallyLoaded:true EditorBounds:IsValid=true, Min=(X=-676.843 Y=136.158 Z=1679.940), Max=(X=-206.167 Y=505.047 Z=1740.903) RuntimeBounds:IsValid=true, Min=(X=-676.843 Y=136.158 Z=1679.940), Max=(X=-206.167 Y=505.047 Z=1740.903) RuntimeGrid:None EditorOnly:false RuntimeOnly:false HLODRelevant:true ListedInSceneOutliner:true IsMainWorldOnly:false
 |   |   |- Guid:23B5EA31437F83AF8C4745B3DF21ECAD NativeClass:/Script/Engine.StaticMeshActor Name:StaticMeshActor_UAID_B025AA5E11E8724502_2071517458 Label:SM_BridgeL1 SpatiallyLoaded:true EditorBounds:IsValid=true, Min=(X=731.267 Y=-275.343 Z=-22.000), Max=(X=2360.890 Y=347.496 Z=26.845) RuntimeBounds:IsValid=true, Min=(X=731.267 Y=-275.343 Z=-22.000), Max=(X=2360.890 Y=347.496 Z=26.845) RuntimeGrid:None EditorOnly:false RuntimeOnly:false HLODRelevant:true ListedInSceneOutliner:true IsMainWorldOnly:false
 |   |   |- Guid:2FB58999456391D349DC0F86DAC136ED NativeClass:/Script/Engine.SkyLight Name:SkyLight_1 Label:SkyLight SpatiallyLoaded:false EditorBounds:IsValid=true, Min=(X=-1730.000 Y=-2710.000 Z=-1.000), Max=(X=1.000 Y=1.000 Z=690.000) RuntimeBounds:IsValid=true, Min=(X=-1730.000 Y=-2710.000 Z=690.000), Max=(X=-1730.000 Y=-2710.000 Z=690.000) RuntimeGrid:None EditorOnly:false RuntimeOnly:false HLODRelevant:false ListedInSceneOutliner:true IsMainWorldOnly:false FolderPath:Lighting FolderGuid:963EC3EB4002CCE9759E2EBA541A873A
 |   |   |- Guid:316CF2A6494ACA4C0E4180A87D36AB8F NativeClass:/Script/Engine.ExponentialHeightFog Name:ExponentialHeightFog_0 Label:ExponentialHeightFog SpatiallyLoaded:false EditorBounds:IsValid=true, Min=(X=-5600.000 Y=-50.000 Z=-6850.000), Max=(X=-5600.000 Y=-50.000 Z=-6850.000) RuntimeBounds:IsValid=true, Min=(X=-5600.000 Y=-50.000 Z=-6850.000), Max=(X=-5600.000 Y=-50.000 Z=-6850.000) RuntimeGrid:None EditorOnly:false RuntimeOnly:false HLODRelevant:false ListedInSceneOutliner:true IsMainWorldOnly:false FolderPath:Lighting FolderGuid:963EC3EB4002CCE9759E2EBA541A873A
 |   |   |- Guid:3A00AA1C422CE54C0BDB60BAF471BFBB NativeClass:/Script/Engine.PlayerStart Name:PlayerStart_0 Label:PlayerStart SpatiallyLoaded:false EditorBounds:IsValid=true, Min=(X=750.000 Y=2.000 Z=4.013), Max=(X=1118.000 Y=258.000 Z=260.013) RuntimeBounds:IsValid=true, Min=(X=950.000 Y=90.000 Z=40.013), Max=(X=1030.000 Y=170.000 Z=224.013) RuntimeGrid:None EditorOnly:false RuntimeOnly:false HLODRelevant:false ListedInSceneOutliner:true IsMainWorldOnly:false
 |   |   |- Guid:4D3BE93F4146AAAC8BBE79999D96D57F NativeClass:/Script/Engine.VolumetricCloud Name:VolumetricCloud_0 Label:VolumetricCloud SpatiallyLoaded:false EditorBounds:IsValid=true, Min=(X=-1858.000 Y=-2838.000 Z=692.000), Max=(X=-1602.000 Y=-2582.000 Z=948.000) RuntimeBounds:IsValid=true, Min=(X=-1730.000 Y=-2710.000 Z=820.000), Max=(X=-1730.000 Y=-2710.000 Z=820.000) RuntimeGrid:None EditorOnly:false RuntimeOnly:false HLODRelevant:false ListedInSceneOutliner:true IsMainWorldOnly:false FolderPath:Lighting FolderGuid:963EC3EB4002CCE9759E2EBA541A873A
 |   |   |- Guid:517265674433A49706D62BABFE9F56CF NativeClass:/Script/Engine.StaticMeshActor Name:StaticMeshActor_UAID_B025AA5E11E8724502_2133130463 Label:SM_CoilL3 SpatiallyLoaded:true EditorBounds:IsValid=true, Min=(X=-814.468 Y=-826.102 Z=3379.745), Max=(X=827.696 Y=816.063 Z=5083.807) RuntimeBounds:IsValid=true, Min=(X=-814.468 Y=-826.102 Z=3379.745), Max=(X=827.696 Y=816.063 Z=5083.807) RuntimeGrid:None EditorOnly:false RuntimeOnly:false HLODRelevant:true ListedInSceneOutliner:true IsMainWorldOnly:false
 |   |   |- Guid:5B4451614EA1C9EA9E94A2B0A86120B4 NativeClass:/Script/Engine.StaticMeshActor Name:StaticMeshActor_UAID_B025AA5E11E8734502_1105600647 Label:SM_PlateL3 SpatiallyLoaded:true EditorBounds:IsValid=true, Min=(X=-548.164 Y=-824.050 Z=3340.065), Max=(X=-16.327 Y=-137.896 Z=3413.863) RuntimeBounds:IsValid=true, Min=(X=-548.164 Y=-824.050 Z=3340.065), Max=(X=-16.327 Y=-137.896 Z=3413.863) RuntimeGrid:None EditorOnly:false RuntimeOnly:false HLODRelevant:true ListedInSceneOutliner:true IsMainWorldOnly:false
 |   |   |- Guid:5B97F4A64FB21F77EFC44386BF705B4C NativeClass:/Script/Engine.TextRenderActor Name:TextRenderActor_1 Label:TextRenderActor SpatiallyLoaded:true EditorBounds:IsValid=true, Min=(X=-0.100 Y=1100.000 Z=65.013), Max=(X=-0.100 Y=2392.308 Z=215.013) RuntimeBounds:IsValid=true, Min=(X=-0.100 Y=1100.000 Z=65.013), Max=(X=-0.100 Y=2392.308 Z=215.013) RuntimeGrid:None EditorOnly:false RuntimeOnly:false HLODRelevant:false ListedInSceneOutliner:true IsMainWorldOnly:false
 |   |   |- Guid:68B1E2AC4709697B82EBBA80C034D209 NativeClass:/Script/Engine.StaticMeshActor Name:StaticMeshActor_UAID_B025AA5E11E8724502_2129988462 Label:SM_CoilL2 SpatiallyLoaded:true EditorBounds:IsValid=true, Min=(X=-819.896 Y=-831.130 Z=1706.785), Max=(X=822.269 Y=811.035 Z=3410.847) RuntimeBounds:IsValid=true, Min=(X=-819.896 Y=-831.130 Z=1706.785), Max=(X=822.269 Y=811.035 Z=3410.847) RuntimeGrid:None EditorOnly:false RuntimeOnly:false HLODRelevant:true ListedInSceneOutliner:true IsMainWorldOnly:false
 |   |   |- Guid:6AF3781642944566238AC9B31245DF44 NativeClass:/Script/Engine.StaticMeshActor Name:StaticMeshActor_UAID_B025AA5E11E8724502_2076524459 Label:SM_BridgeL2 SpatiallyLoaded:true EditorBounds:IsValid=true, Min=(X=-1372.799 Y=505.047 Z=1672.962), Max=(X=-16.928 Y=2151.963 Z=1723.940) RuntimeBounds:IsValid=true, Min=(X=-1372.799 Y=505.047 Z=1672.962), Max=(X=-16.928 Y=2151.963 Z=1723.940) RuntimeGrid:None EditorOnly:false RuntimeOnly:false HLODRelevant:true ListedInSceneOutliner:true IsMainWorldOnly:false
 |   |   |- Guid:6BAF4DDD444C60371492D3919DB42C97 NativeClass:/Script/Engine.WorldDataLayers Name:WorldDataLayers Label:WorldDataLayers SpatiallyLoaded:false EditorBounds:IsValid=true, Min=(X=0.000 Y=0.000 Z=0.000), Max=(X=0.000 Y=0.000 Z=0.000) RuntimeBounds:IsValid=true, Min=(X=0.000 Y=0.000 Z=0.000), Max=(X=0.000 Y=0.000 Z=0.000) RuntimeGrid:None EditorOnly:false RuntimeOnly:false HLODRelevant:false ListedInSceneOutliner:true IsMainWorldOnly:true
 |   |   |- Guid:785798434E63405F8CBB4BB972FF9D5C NativeClass:/Script/Engine.StaticMeshActor Name:StaticMeshActor_UAID_B025AA5E11E8734502_1173919649 Label:SM_PlatePlugL3 SpatiallyLoaded:true EditorBounds:IsValid=true, Min=(X=-695.109 Y=-540.528 Z=3340.065), Max=(X=-219.839 Y=-137.896 Z=3410.847) RuntimeBounds:IsValid=true, Min=(X=-695.109 Y=-540.528 Z=3340.065), Max=(X=-219.839 Y=-137.896 Z=3410.847) RuntimeGrid:None EditorOnly:false RuntimeOnly:false HLODRelevant:true ListedInSceneOutliner:true IsMainWorldOnly:false
 |   |   |- Guid:83FB487C41C4C424F6A413ADA5F25509 NativeClass:/Script/Engine.StaticMeshActor Name:StaticMeshActor_UAID_B025AA5E11E8734502_1099326645 Label:SM_PlateL1 SpatiallyLoaded:true EditorBounds:IsValid=true, Min=(X=227.847 Y=-392.549 Z=0.266), Max=(X=748.719 Y=347.496 Z=38.963) RuntimeBounds:IsValid=true, Min=(X=227.847 Y=-392.549 Z=0.266), Max=(X=748.719 Y=347.496 Z=38.963) RuntimeGrid:None EditorOnly:false RuntimeOnly:false HLODRelevant:true ListedInSceneOutliner:true IsMainWorldOnly:false
 |   |   |- Guid:86661353432C887E27B434AC3209BCA9 NativeClass:/Script/Engine.StaticMeshActor Name:StaticMeshActor_UAID_B025AA5E11E8724502_2079931460 Label:SM_BridgeL3 SpatiallyLoaded:true EditorBounds:IsValid=true, Min=(X=-1280.897 Y=-2217.854 Z=3340.065), Max=(X=-55.930 Y=-540.528 Z=3401.745) RuntimeBounds:IsValid=true, Min=(X=-1280.897 Y=-2217.854 Z=3340.065), Max=(X=-55.930 Y=-540.528 Z=3401.745) RuntimeGrid:None EditorOnly:false RuntimeOnly:false HLODRelevant:true ListedInSceneOutliner:true IsMainWorldOnly:false
 |   |   |- Guid:B785ED2844B84CFB91E7F39FE661CD99 NativeClass:/Script/Engine.DirectionalLight Name:DirectionalLight_0 Label:DirectionalLight SpatiallyLoaded:false EditorBounds:IsValid=false, Min=(X=0.000 Y=0.000 Z=0.000), Max=(X=0.000 Y=0.000 Z=0.000) RuntimeBounds:IsValid=false, Min=(X=0.000 Y=0.000 Z=0.000), Max=(X=0.000 Y=0.000 Z=0.000) RuntimeGrid:None EditorOnly:false RuntimeOnly:false HLODRelevant:false ListedInSceneOutliner:true IsMainWorldOnly:false FolderPath:Lighting FolderGuid:963EC3EB4002CCE9759E2EBA541A873A
 |   |   |- Guid:BBFBF94743E24A179CD9379319364278 NativeClass:/Script/Engine.StaticMeshActor Name:StaticMeshActor_UAID_B025AA5E11E8734502_1102317646 Label:SM_PlateL2 SpatiallyLoaded:true EditorBounds:IsValid=true, Min=(X=-578.000 Y=136.158 Z=1672.967), Max=(X=7.938 Y=810.634 Z=1740.903) RuntimeBounds:IsValid=true, Min=(X=-578.000 Y=136.158 Z=1672.967), Max=(X=7.938 Y=810.634 Z=1740.903) RuntimeGrid:None EditorOnly:false RuntimeOnly:false HLODRelevant:true ListedInSceneOutliner:true IsMainWorldOnly:false
 |   |   |- Guid:CCFF262C46EEFFDF319E7F9539CE697E NativeClass:/Script/Engine.SkyAtmosphere Name:SkyAtmosphere_0 Label:SkyAtmosphere SpatiallyLoaded:false EditorBounds:IsValid=true, Min=(X=-1858.000 Y=-2838.000 Z=892.000), Max=(X=-1490.000 Y=-2582.000 Z=1148.000) RuntimeBounds:IsValid=true, Min=(X=-1730.000 Y=-2710.000 Z=1020.000), Max=(X=-1730.000 Y=-2710.000 Z=1020.000) RuntimeGrid:None EditorOnly:false RuntimeOnly:false HLODRelevant:false ListedInSceneOutliner:true IsMainWorldOnly:false FolderPath:Lighting FolderGuid:963EC3EB4002CCE9759E2EBA541A873A
 |   |   |- Guid:EC4E0C944CE6AC6E784BC6BB2916EA13 NativeClass:/Script/Engine.StaticMeshActor Name:StaticMeshActor_UAID_A4AE111137DC5EFB00_1110535423 Label:SM_SkySphere SpatiallyLoaded:false EditorBounds:IsValid=true, Min=(X=-1638400.000 Y=-1638400.000 Z=-1638400.000), Max=(X=1638400.000 Y=1638400.000 Z=1638400.000) RuntimeBounds:IsValid=true, Min=(X=-1638400.000 Y=-1638400.000 Z=-1638400.000), Max=(X=1638400.000 Y=1638400.000 Z=1638400.000) RuntimeGrid:None EditorOnly:false RuntimeOnly:false HLODRelevant:true ListedInSceneOutliner:true IsMainWorldOnly:false FolderPath:Lighting FolderGuid:963EC3EB4002CCE9759E2EBA541A873A
 |   |   |- Guid:F1924B8D48954B30891B2DB6A694F9CC NativeClass:/Script/Engine.StaticMeshActor Name:StaticMeshActor_1 Label:SM_Cube SpatiallyLoaded:true EditorBounds:IsValid=true, Min=(X=-1230.000 Y=-1820.000 Z=-75.000), Max=(X=1770.000 Y=1680.000 Z=-25.000) RuntimeBounds:IsValid=true, Min=(X=-1230.000 Y=-1820.000 Z=-75.000), Max=(X=1770.000 Y=1680.000 Z=-25.000) RuntimeGrid:None EditorOnly:false RuntimeOnly:false HLODRelevant:true ListedInSceneOutliner:true IsMainWorldOnly:false FolderPath:Playground FolderGuid:C73F09FC4215536B1DCE2A9E0A830C70
 |   |   |- Guid:F5E3FEB3450C49844FD93DA8E083C8AD NativeClass:/Script/Engine.PostProcessVolume Name:PostProcessVolume_0 Label:PostProcessVolume SpatiallyLoaded:false EditorBounds:IsValid=true, Min=(X=-1730.000 Y=-2710.000 Z=400.000), Max=(X=-1530.000 Y=-2510.000 Z=600.000) RuntimeBounds:IsValid=true, Min=(X=-1730.000 Y=-2710.000 Z=400.000), Max=(X=-1530.000 Y=-2510.000 Z=600.000) RuntimeGrid:None EditorOnly:false RuntimeOnly:false HLODRelevant:false ListedInSceneOutliner:true IsMainWorldOnly:false FolderPath:Lighting FolderGuid:963EC3EB4002CCE9759E2EBA541A873A
 |   |   |- Guid:FAE9E2DC45B339930F797CAF342AD8FD NativeClass:/Script/Engine.StaticMeshActor Name:StaticMeshActor_UAID_B025AA5E11E8724502_2138699464 Label:SM_Foudation SpatiallyLoaded:true EditorBounds:IsValid=true, Min=(X=-258.324 Y=-269.805 Z=12.427), Max=(X=260.942 Y=249.462 Z=5085.439) RuntimeBounds:IsValid=true, Min=(X=-258.324 Y=-269.805 Z=12.427), Max=(X=260.942 Y=249.462 Z=5085.439) RuntimeGrid:None EditorOnly:false RuntimeOnly:false HLODRelevant:true ListedInSceneOutliner:true IsMainWorldOnly:false
 |   |- [+] Clusters:
 |   |   |- [+] [  0]
 |   |   |   |- Guid:0A0140A445B435135FF0129B52754939 NativeClass:/Script/Engine.StaticMeshActor Name:StaticMeshActor_UAID_B025AA5E11E8724502_2126725461 Label:SM_CoilL1 SpatiallyLoaded:true EditorBounds:IsValid=true, Min=(X=-812.937 Y=-828.938 Z=4.845), Max=(X=829.228 Y=813.227 Z=1708.907) RuntimeBounds:IsValid=true, Min=(X=-812.937 Y=-828.938 Z=4.845), Max=(X=829.228 Y=813.227 Z=1708.907) RuntimeGrid:None EditorOnly:false RuntimeOnly:false HLODRelevant:true ListedInSceneOutliner:true IsMainWorldOnly:false
 |   |   |- [+] [  1]
 |   |   |   |- Guid:127ED00842D71DE5C3D413A1280EA4A7 NativeClass:/Script/Engine.StaticMeshActor Name:StaticMeshActor_UAID_B025AA5E11E8734502_1077847644 Label:SM_PlatePlugL2 SpatiallyLoaded:true EditorBounds:IsValid=true, Min=(X=-676.843 Y=136.158 Z=1679.940), Max=(X=-206.167 Y=505.047 Z=1740.903) RuntimeBounds:IsValid=true, Min=(X=-676.843 Y=136.158 Z=1679.940), Max=(X=-206.167 Y=505.047 Z=1740.903) RuntimeGrid:None EditorOnly:false RuntimeOnly:false HLODRelevant:true ListedInSceneOutliner:true IsMainWorldOnly:false
 |   |   |- [+] [  2]
 |   |   |   |- Guid:23B5EA31437F83AF8C4745B3DF21ECAD NativeClass:/Script/Engine.StaticMeshActor Name:StaticMeshActor_UAID_B025AA5E11E8724502_2071517458 Label:SM_BridgeL1 SpatiallyLoaded:true EditorBounds:IsValid=true, Min=(X=731.267 Y=-275.343 Z=-22.000), Max=(X=2360.890 Y=347.496 Z=26.845) RuntimeBounds:IsValid=true, Min=(X=731.267 Y=-275.343 Z=-22.000), Max=(X=2360.890 Y=347.496 Z=26.845) RuntimeGrid:None EditorOnly:false RuntimeOnly:false HLODRelevant:true ListedInSceneOutliner:true IsMainWorldOnly:false
 |   |   |- [+] [  3]
 |   |   |   |- Guid:2FB58999456391D349DC0F86DAC136ED NativeClass:/Script/Engine.SkyLight Name:SkyLight_1 Label:SkyLight SpatiallyLoaded:false EditorBounds:IsValid=true, Min=(X=-1730.000 Y=-2710.000 Z=-1.000), Max=(X=1.000 Y=1.000 Z=690.000) RuntimeBounds:IsValid=true, Min=(X=-1730.000 Y=-2710.000 Z=690.000), Max=(X=-1730.000 Y=-2710.000 Z=690.000) RuntimeGrid:None EditorOnly:false RuntimeOnly:false HLODRelevant:false ListedInSceneOutliner:true IsMainWorldOnly:false FolderPath:Lighting FolderGuid:963EC3EB4002CCE9759E2EBA541A873A
 |   |   |- [+] [  4]
 |   |   |   |- Guid:316CF2A6494ACA4C0E4180A87D36AB8F NativeClass:/Script/Engine.ExponentialHeightFog Name:ExponentialHeightFog_0 Label:ExponentialHeightFog SpatiallyLoaded:false EditorBounds:IsValid=true, Min=(X=-5600.000 Y=-50.000 Z=-6850.000), Max=(X=-5600.000 Y=-50.000 Z=-6850.000) RuntimeBounds:IsValid=true, Min=(X=-5600.000 Y=-50.000 Z=-6850.000), Max=(X=-5600.000 Y=-50.000 Z=-6850.000) RuntimeGrid:None EditorOnly:false RuntimeOnly:false HLODRelevant:false ListedInSceneOutliner:true IsMainWorldOnly:false FolderPath:Lighting FolderGuid:963EC3EB4002CCE9759E2EBA541A873A
 |   |   |- [+] [  5]
 |   |   |   |- Guid:3A00AA1C422CE54C0BDB60BAF471BFBB NativeClass:/Script/Engine.PlayerStart Name:PlayerStart_0 Label:PlayerStart SpatiallyLoaded:false EditorBounds:IsValid=true, Min=(X=750.000 Y=2.000 Z=4.013), Max=(X=1118.000 Y=258.000 Z=260.013) RuntimeBounds:IsValid=true, Min=(X=950.000 Y=90.000 Z=40.013), Max=(X=1030.000 Y=170.000 Z=224.013) RuntimeGrid:None EditorOnly:false RuntimeOnly:false HLODRelevant:false ListedInSceneOutliner:true IsMainWorldOnly:false
 |   |   |- [+] [  6]
 |   |   |   |- Guid:4D3BE93F4146AAAC8BBE79999D96D57F NativeClass:/Script/Engine.VolumetricCloud Name:VolumetricCloud_0 Label:VolumetricCloud SpatiallyLoaded:false EditorBounds:IsValid=true, Min=(X=-1858.000 Y=-2838.000 Z=692.000), Max=(X=-1602.000 Y=-2582.000 Z=948.000) RuntimeBounds:IsValid=true, Min=(X=-1730.000 Y=-2710.000 Z=820.000), Max=(X=-1730.000 Y=-2710.000 Z=820.000) RuntimeGrid:None EditorOnly:false RuntimeOnly:false HLODRelevant:false ListedInSceneOutliner:true IsMainWorldOnly:false FolderPath:Lighting FolderGuid:963EC3EB4002CCE9759E2EBA541A873A
 |   |   |- [+] [  7]
 |   |   |   |- Guid:517265674433A49706D62BABFE9F56CF NativeClass:/Script/Engine.StaticMeshActor Name:StaticMeshActor_UAID_B025AA5E11E8724502_2133130463 Label:SM_CoilL3 SpatiallyLoaded:true EditorBounds:IsValid=true, Min=(X=-814.468 Y=-826.102 Z=3379.745), Max=(X=827.696 Y=816.063 Z=5083.807) RuntimeBounds:IsValid=true, Min=(X=-814.468 Y=-826.102 Z=3379.745), Max=(X=827.696 Y=816.063 Z=5083.807) RuntimeGrid:None EditorOnly:false RuntimeOnly:false HLODRelevant:true ListedInSceneOutliner:true IsMainWorldOnly:false
 |   |   |- [+] [  8]
 |   |   |   |- Guid:5B4451614EA1C9EA9E94A2B0A86120B4 NativeClass:/Script/Engine.StaticMeshActor Name:StaticMeshActor_UAID_B025AA5E11E8734502_1105600647 Label:SM_PlateL3 SpatiallyLoaded:true EditorBounds:IsValid=true, Min=(X=-548.164 Y=-824.050 Z=3340.065), Max=(X=-16.327 Y=-137.896 Z=3413.863) RuntimeBounds:IsValid=true, Min=(X=-548.164 Y=-824.050 Z=3340.065), Max=(X=-16.327 Y=-137.896 Z=3413.863) RuntimeGrid:None EditorOnly:false RuntimeOnly:false HLODRelevant:true ListedInSceneOutliner:true IsMainWorldOnly:false
 |   |   |- [+] [  9]
 |   |   |   |- Guid:5B97F4A64FB21F77EFC44386BF705B4C NativeClass:/Script/Engine.TextRenderActor Name:TextRenderActor_1 Label:TextRenderActor SpatiallyLoaded:true EditorBounds:IsValid=true, Min=(X=-0.100 Y=1100.000 Z=65.013), Max=(X=-0.100 Y=2392.308 Z=215.013) RuntimeBounds:IsValid=true, Min=(X=-0.100 Y=1100.000 Z=65.013), Max=(X=-0.100 Y=2392.308 Z=215.013) RuntimeGrid:None EditorOnly:false RuntimeOnly:false HLODRelevant:false ListedInSceneOutliner:true IsMainWorldOnly:false
 |   |   |- [+] [ 10]
 |   |   |   |- Guid:68B1E2AC4709697B82EBBA80C034D209 NativeClass:/Script/Engine.StaticMeshActor Name:StaticMeshActor_UAID_B025AA5E11E8724502_2129988462 Label:SM_CoilL2 SpatiallyLoaded:true EditorBounds:IsValid=true, Min=(X=-819.896 Y=-831.130 Z=1706.785), Max=(X=822.269 Y=811.035 Z=3410.847) RuntimeBounds:IsValid=true, Min=(X=-819.896 Y=-831.130 Z=1706.785), Max=(X=822.269 Y=811.035 Z=3410.847) RuntimeGrid:None EditorOnly:false RuntimeOnly:false HLODRelevant:true ListedInSceneOutliner:true IsMainWorldOnly:false
 |   |   |- [+] [ 11]
 |   |   |   |- Guid:6AF3781642944566238AC9B31245DF44 NativeClass:/Script/Engine.StaticMeshActor Name:StaticMeshActor_UAID_B025AA5E11E8724502_2076524459 Label:SM_BridgeL2 SpatiallyLoaded:true EditorBounds:IsValid=true, Min=(X=-1372.799 Y=505.047 Z=1672.962), Max=(X=-16.928 Y=2151.963 Z=1723.940) RuntimeBounds:IsValid=true, Min=(X=-1372.799 Y=505.047 Z=1672.962), Max=(X=-16.928 Y=2151.963 Z=1723.940) RuntimeGrid:None EditorOnly:false RuntimeOnly:false HLODRelevant:true ListedInSceneOutliner:true IsMainWorldOnly:false
 |   |   |- [+] [ 12]
 |   |   |   |- Guid:6BAF4DDD444C60371492D3919DB42C97 NativeClass:/Script/Engine.WorldDataLayers Name:WorldDataLayers Label:WorldDataLayers SpatiallyLoaded:false EditorBounds:IsValid=true, Min=(X=0.000 Y=0.000 Z=0.000), Max=(X=0.000 Y=0.000 Z=0.000) RuntimeBounds:IsValid=true, Min=(X=0.000 Y=0.000 Z=0.000), Max=(X=0.000 Y=0.000 Z=0.000) RuntimeGrid:None EditorOnly:false RuntimeOnly:false HLODRelevant:false ListedInSceneOutliner:true IsMainWorldOnly:true
 |   |   |- [+] [ 13]
 |   |   |   |- Guid:785798434E63405F8CBB4BB972FF9D5C NativeClass:/Script/Engine.StaticMeshActor Name:StaticMeshActor_UAID_B025AA5E11E8734502_1173919649 Label:SM_PlatePlugL3 SpatiallyLoaded:true EditorBounds:IsValid=true, Min=(X=-695.109 Y=-540.528 Z=3340.065), Max=(X=-219.839 Y=-137.896 Z=3410.847) RuntimeBounds:IsValid=true, Min=(X=-695.109 Y=-540.528 Z=3340.065), Max=(X=-219.839 Y=-137.896 Z=3410.847) RuntimeGrid:None EditorOnly:false RuntimeOnly:false HLODRelevant:true ListedInSceneOutliner:true IsMainWorldOnly:false
 |   |   |- [+] [ 14]
 |   |   |   |- Guid:83FB487C41C4C424F6A413ADA5F25509 NativeClass:/Script/Engine.StaticMeshActor Name:StaticMeshActor_UAID_B025AA5E11E8734502_1099326645 Label:SM_PlateL1 SpatiallyLoaded:true EditorBounds:IsValid=true, Min=(X=227.847 Y=-392.549 Z=0.266), Max=(X=748.719 Y=347.496 Z=38.963) RuntimeBounds:IsValid=true, Min=(X=227.847 Y=-392.549 Z=0.266), Max=(X=748.719 Y=347.496 Z=38.963) RuntimeGrid:None EditorOnly:false RuntimeOnly:false HLODRelevant:true ListedInSceneOutliner:true IsMainWorldOnly:false
 |   |   |- [+] [ 15]
 |   |   |   |- Guid:86661353432C887E27B434AC3209BCA9 NativeClass:/Script/Engine.StaticMeshActor Name:StaticMeshActor_UAID_B025AA5E11E8724502_2079931460 Label:SM_BridgeL3 SpatiallyLoaded:true EditorBounds:IsValid=true, Min=(X=-1280.897 Y=-2217.854 Z=3340.065), Max=(X=-55.930 Y=-540.528 Z=3401.745) RuntimeBounds:IsValid=true, Min=(X=-1280.897 Y=-2217.854 Z=3340.065), Max=(X=-55.930 Y=-540.528 Z=3401.745) RuntimeGrid:None EditorOnly:false RuntimeOnly:false HLODRelevant:true ListedInSceneOutliner:true IsMainWorldOnly:false
 |   |   |- [+] [ 16]
 |   |   |   |- Guid:B785ED2844B84CFB91E7F39FE661CD99 NativeClass:/Script/Engine.DirectionalLight Name:DirectionalLight_0 Label:DirectionalLight SpatiallyLoaded:false EditorBounds:IsValid=false, Min=(X=0.000 Y=0.000 Z=0.000), Max=(X=0.000 Y=0.000 Z=0.000) RuntimeBounds:IsValid=false, Min=(X=0.000 Y=0.000 Z=0.000), Max=(X=0.000 Y=0.000 Z=0.000) RuntimeGrid:None EditorOnly:false RuntimeOnly:false HLODRelevant:false ListedInSceneOutliner:true IsMainWorldOnly:false FolderPath:Lighting FolderGuid:963EC3EB4002CCE9759E2EBA541A873A
 |   |   |- [+] [ 17]
 |   |   |   |- Guid:BBFBF94743E24A179CD9379319364278 NativeClass:/Script/Engine.StaticMeshActor Name:StaticMeshActor_UAID_B025AA5E11E8734502_1102317646 Label:SM_PlateL2 SpatiallyLoaded:true EditorBounds:IsValid=true, Min=(X=-578.000 Y=136.158 Z=1672.967), Max=(X=7.938 Y=810.634 Z=1740.903) RuntimeBounds:IsValid=true, Min=(X=-578.000 Y=136.158 Z=1672.967), Max=(X=7.938 Y=810.634 Z=1740.903) RuntimeGrid:None EditorOnly:false RuntimeOnly:false HLODRelevant:true ListedInSceneOutliner:true IsMainWorldOnly:false
 |   |   |- [+] [ 18]
 |   |   |   |- Guid:CCFF262C46EEFFDF319E7F9539CE697E NativeClass:/Script/Engine.SkyAtmosphere Name:SkyAtmosphere_0 Label:SkyAtmosphere SpatiallyLoaded:false EditorBounds:IsValid=true, Min=(X=-1858.000 Y=-2838.000 Z=892.000), Max=(X=-1490.000 Y=-2582.000 Z=1148.000) RuntimeBounds:IsValid=true, Min=(X=-1730.000 Y=-2710.000 Z=1020.000), Max=(X=-1730.000 Y=-2710.000 Z=1020.000) RuntimeGrid:None EditorOnly:false RuntimeOnly:false HLODRelevant:false ListedInSceneOutliner:true IsMainWorldOnly:false FolderPath:Lighting FolderGuid:963EC3EB4002CCE9759E2EBA541A873A
 |   |   |- [+] [ 19]
 |   |   |   |- Guid:EC4E0C944CE6AC6E784BC6BB2916EA13 NativeClass:/Script/Engine.StaticMeshActor Name:StaticMeshActor_UAID_A4AE111137DC5EFB00_1110535423 Label:SM_SkySphere SpatiallyLoaded:false EditorBounds:IsValid=true, Min=(X=-1638400.000 Y=-1638400.000 Z=-1638400.000), Max=(X=1638400.000 Y=1638400.000 Z=1638400.000) RuntimeBounds:IsValid=true, Min=(X=-1638400.000 Y=-1638400.000 Z=-1638400.000), Max=(X=1638400.000 Y=1638400.000 Z=1638400.000) RuntimeGrid:None EditorOnly:false RuntimeOnly:false HLODRelevant:true ListedInSceneOutliner:true IsMainWorldOnly:false FolderPath:Lighting FolderGuid:963EC3EB4002CCE9759E2EBA541A873A
 |   |   |- [+] [ 20]
 |   |   |   |- Guid:F1924B8D48954B30891B2DB6A694F9CC NativeClass:/Script/Engine.StaticMeshActor Name:StaticMeshActor_1 Label:SM_Cube SpatiallyLoaded:true EditorBounds:IsValid=true, Min=(X=-1230.000 Y=-1820.000 Z=-75.000), Max=(X=1770.000 Y=1680.000 Z=-25.000) RuntimeBounds:IsValid=true, Min=(X=-1230.000 Y=-1820.000 Z=-75.000), Max=(X=1770.000 Y=1680.000 Z=-25.000) RuntimeGrid:None EditorOnly:false RuntimeOnly:false HLODRelevant:true ListedInSceneOutliner:true IsMainWorldOnly:false FolderPath:Playground FolderGuid:C73F09FC4215536B1DCE2A9E0A830C70
 |   |   |- [+] [ 21]
 |   |   |   |- Guid:F5E3FEB3450C49844FD93DA8E083C8AD NativeClass:/Script/Engine.PostProcessVolume Name:PostProcessVolume_0 Label:PostProcessVolume SpatiallyLoaded:false EditorBounds:IsValid=true, Min=(X=-1730.000 Y=-2710.000 Z=400.000), Max=(X=-1530.000 Y=-2510.000 Z=600.000) RuntimeBounds:IsValid=true, Min=(X=-1730.000 Y=-2710.000 Z=400.000), Max=(X=-1530.000 Y=-2510.000 Z=600.000) RuntimeGrid:None EditorOnly:false RuntimeOnly:false HLODRelevant:false ListedInSceneOutliner:true IsMainWorldOnly:false FolderPath:Lighting FolderGuid:963EC3EB4002CCE9759E2EBA541A873A
 |   |   |- [+] [ 22]
 |   |   |   |- Guid:FAE9E2DC45B339930F797CAF342AD8FD NativeClass:/Script/Engine.StaticMeshActor Name:StaticMeshActor_UAID_B025AA5E11E8724502_2138699464 Label:SM_Foudation SpatiallyLoaded:true EditorBounds:IsValid=true, Min=(X=-258.324 Y=-269.805 Z=12.427), Max=(X=260.942 Y=249.462 Z=5085.439) RuntimeBounds:IsValid=true, Min=(X=-258.324 Y=-269.805 Z=12.427), Max=(X=260.942 Y=249.462 Z=5085.439) RuntimeGrid:None EditorOnly:false RuntimeOnly:false HLODRelevant:true ListedInSceneOutliner:true IsMainWorldOnly:false
 |- ContainerInstances:
 |- [+] MainContainer:
 |   |-        ID: 00000000000000000000000000000000
 |   |-  ParentID: 00000000000000000000000000000000
 |   |-    Bounds: IsValid=false, Min=(X=0.000 Y=0.000 Z=0.000), Max=(X=0.000 Y=0.000 Z=0.000)
 |   |- Transform: 0.000000,0.000000,0.000000|0.000000,0.000000,-0.000000|1.000000,1.000000,1.000000
 |   |- Container: /Game/ThirdPerson/Maps/ThirdPersonMap
----------------------------------------------------------------------------------------------------------------
ThirdPersonMap - Persistent Level
----------------------------------------------------------------------------------------------------------------
[+] Content of ThirdPersonMap Persistent Level
 |- Always loaded Actor Count: 23 
 |- Actor Path: /Game/ThirdPerson/Maps/ThirdPersonMap.ThirdPersonMap:PersistentLevel.DirectionalLight_0
 |- Actor Package: /Game/__ExternalActors__/ThirdPerson/Maps/ThirdPersonMap/5/R1/TS5OQ5CRUWFZYL1ZQ7I416
 |- Actor Path: /Game/ThirdPerson/Maps/ThirdPersonMap.ThirdPersonMap:PersistentLevel.ExponentialHeightFog_0
 |- Actor Package: /Game/__ExternalActors__/ThirdPerson/Maps/ThirdPersonMap/6/J7/N10XDC9G27EMLS5AGZ6AVV
 |- Actor Path: /Game/ThirdPerson/Maps/ThirdPersonMap.ThirdPersonMap:PersistentLevel.PlayerStart_0
 |- Actor Package: /Game/__ExternalActors__/ThirdPerson/Maps/ThirdPersonMap/D/DE/SWSI13675DVYIZ0N4NF7Y3
 |- Actor Path: /Game/ThirdPerson/Maps/ThirdPersonMap.ThirdPersonMap:PersistentLevel.PostProcessVolume_0
 |- Actor Package: /Game/__ExternalActors__/ThirdPerson/Maps/ThirdPersonMap/1/AZ/A7GPT109Y6ZTTJD4A7TXER
 |- Actor Path: /Game/ThirdPerson/Maps/ThirdPersonMap.ThirdPersonMap:PersistentLevel.SkyAtmosphere_0
 |- Actor Package: /Game/__ExternalActors__/ThirdPerson/Maps/ThirdPersonMap/4/LN/30UBDLYFFA5ZR7U4W4L4GG
 |- Actor Path: /Game/ThirdPerson/Maps/ThirdPersonMap.ThirdPersonMap:PersistentLevel.SkyLight_1
 |- Actor Package: /Game/__ExternalActors__/ThirdPerson/Maps/ThirdPersonMap/8/S1/DXUWD12MD3HRWVVXX076BY
 |- Actor Path: /Game/ThirdPerson/Maps/ThirdPersonMap.ThirdPersonMap:PersistentLevel.StaticMeshActor_1
 |- Actor Package: /Game/__ExternalActors__/ThirdPerson/Maps/ThirdPersonMap/6/YO/NG2R9BPZVA7ZDN0Z4VSTG6
 |- Actor Path: /Game/ThirdPerson/Maps/ThirdPersonMap.ThirdPersonMap:PersistentLevel.StaticMeshActor_UAID_A4AE111137DC5EFB00_1110535423
 |- Actor Package: /Game/__ExternalActors__/ThirdPerson/Maps/ThirdPersonMap/4/PN/2QISIGK5DJNQ05US8O8FXW
 |- Actor Path: /Game/ThirdPerson/Maps/ThirdPersonMap.ThirdPersonMap:PersistentLevel.StaticMeshActor_UAID_B025AA5E11E8724502_2071517458
 |- Actor Package: /Game/__ExternalActors__/ThirdPerson/Maps/ThirdPersonMap/B/VY/TFMNYE3SVIUFM6LIWEGXWB
 |- Actor Path: /Game/ThirdPerson/Maps/ThirdPersonMap.ThirdPersonMap:PersistentLevel.StaticMeshActor_UAID_B025AA5E11E8724502_2076524459
 |- Actor Package: /Game/__ExternalActors__/ThirdPerson/Maps/ThirdPersonMap/1/37/G8G95WSM4G7MCPCN3QRSFO
 |- Actor Path: /Game/ThirdPerson/Maps/ThirdPersonMap.ThirdPersonMap:PersistentLevel.StaticMeshActor_UAID_B025AA5E11E8724502_2079931460
 |- Actor Package: /Game/__ExternalActors__/ThirdPerson/Maps/ThirdPersonMap/0/G5/2XI5DM1XNVOJDXXTIM876E
 |- Actor Path: /Game/ThirdPerson/Maps/ThirdPersonMap.ThirdPersonMap:PersistentLevel.StaticMeshActor_UAID_B025AA5E11E8724502_2126725461
 |- Actor Package: /Game/__ExternalActors__/ThirdPerson/Maps/ThirdPersonMap/C/JS/CFN1AJF7ZN4TPQQQ4L1HQ9
 |- Actor Path: /Game/ThirdPerson/Maps/ThirdPersonMap.ThirdPersonMap:PersistentLevel.StaticMeshActor_UAID_B025AA5E11E8724502_2129988462
 |- Actor Package: /Game/__ExternalActors__/ThirdPerson/Maps/ThirdPersonMap/3/W0/1LGSIQGPLN2S5MTZ3WY62F
 |- Actor Path: /Game/ThirdPerson/Maps/ThirdPersonMap.ThirdPersonMap:PersistentLevel.StaticMeshActor_UAID_B025AA5E11E8724502_2133130463
 |- Actor Package: /Game/__ExternalActors__/ThirdPerson/Maps/ThirdPersonMap/3/EQ/5V4XYF68FZZ8ZPVWSUDBJF
 |- Actor Path: /Game/ThirdPerson/Maps/ThirdPersonMap.ThirdPersonMap:PersistentLevel.StaticMeshActor_UAID_B025AA5E11E8724502_2138699464
 |- Actor Package: /Game/__ExternalActors__/ThirdPerson/Maps/ThirdPersonMap/9/97/K1E91CUV45EX3FI8XZ0OQ8
 |- Actor Path: /Game/ThirdPerson/Maps/ThirdPersonMap.ThirdPersonMap:PersistentLevel.StaticMeshActor_UAID_B025AA5E11E8734502_1077847644
 |- Actor Package: /Game/__ExternalActors__/ThirdPerson/Maps/ThirdPersonMap/6/BX/I33AV8JNUNHU5YKXFEIS6E
 |- Actor Path: /Game/ThirdPerson/Maps/ThirdPersonMap.ThirdPersonMap:PersistentLevel.StaticMeshActor_UAID_B025AA5E11E8734502_1099326645
 |- Actor Package: /Game/__ExternalActors__/ThirdPerson/Maps/ThirdPersonMap/7/VJ/6OEZOTL4BEPJKQ8C1Z3RFK
 |- Actor Path: /Game/ThirdPerson/Maps/ThirdPersonMap.ThirdPersonMap:PersistentLevel.StaticMeshActor_UAID_B025AA5E11E8734502_1102317646
 |- Actor Package: /Game/__ExternalActors__/ThirdPerson/Maps/ThirdPersonMap/B/RJ/JOLQMF0B6CUCGBZQ7EO8EQ
 |- Actor Path: /Game/ThirdPerson/Maps/ThirdPersonMap.ThirdPersonMap:PersistentLevel.StaticMeshActor_UAID_B025AA5E11E8734502_1105600647
 |- Actor Package: /Game/__ExternalActors__/ThirdPerson/Maps/ThirdPersonMap/9/R4/ZK4P0CW25FYT87I6TJDQG5
 |- Actor Path: /Game/ThirdPerson/Maps/ThirdPersonMap.ThirdPersonMap:PersistentLevel.StaticMeshActor_UAID_B025AA5E11E8734502_1173919649
 |- Actor Package: /Game/__ExternalActors__/ThirdPerson/Maps/ThirdPersonMap/F/04/69NX4JNI6UCAY7BNSHWIRI
 |- Actor Path: /Game/ThirdPerson/Maps/ThirdPersonMap.ThirdPersonMap:PersistentLevel.TextRenderActor_1
 |- Actor Package: /Game/__ExternalActors__/ThirdPerson/Maps/ThirdPersonMap/1/WU/NB37RT5Q32Z8MJWD8BD2SO
 |- Actor Path: /Game/ThirdPerson/Maps/ThirdPersonMap.ThirdPersonMap:PersistentLevel.VolumetricCloud_0
 |- Actor Package: /Game/__ExternalActors__/ThirdPerson/Maps/ThirdPersonMap/3/EY/87SHEJN5UBEAN2K5OV1G6R
 |- Actor Path: /Game/ThirdPerson/Maps/ThirdPersonMap.ThirdPersonMap:PersistentLevel.WorldDataLayers
 |- Actor Package: /Game/__ExternalActors__/ThirdPerson/Maps/ThirdPersonMap/0/43/HYQWORMY4JDQ5X3OKZXFLC

----------------------------------------------------------------------------------------------------------------
ThirdPersonMap - Runtime Hash Set
----------------------------------------------------------------------------------------------------------------

